Using pre-set license
Built from '2020.3/staging' branch; Version is '2020.3.9f1 (108be757e447) revision 1084391'; Using compiler version '192528614'; Build Type 'Release'
OS: 'Windows 10 Pro; OS build 19043.1266; Version 2009; 64bit' Language: 'en' Physical Memory: 8055 MB
BatchMode: 1, IsHumanControllingUs: 0, StartBugReporterOnCrash: 0, Is64bit: 1, IsPro: 0

 COMMAND LINE ARGUMENTS:
C:\Program Files\Unity\Editor\Unity.exe
-adb2
-batchMode
-noUpm
-name
AssetImportWorker0
-projectPath
C:/Users/HP/Documents/UnityL/Animations
-logFile
Logs/AssetImportWorker0.log
-srvPort
64225
Successfully changed project path to: C:/Users/HP/Documents/UnityL/Animations
C:/Users/HP/Documents/UnityL/Animations
Using Asset Import Pipeline V2.
Refreshing native plugins compatible for Editor in 22.09 ms, found 0 plugins.
Preloading 0 native plugins for Editor in 0.00 ms.
Initialize engine version: 2020.3.9f1 (108be757e447)
[Subsystems] Discovering subsystems at path C:/Program Files/Unity/Editor/Data/Resources/UnitySubsystems
[Subsystems] Discovering subsystems at path C:/Users/HP/Documents/UnityL/Animations/Assets
GfxDevice: creating device client; threaded=0
Direct3D:
    Version:  Direct3D 11.0 [level 11.0]
    Renderer: NVIDIA GeForce GT 730 (ID=0x1287)
    Vendor:   
    VRAM:     2007 MB
    Driver:   27.21.14.5671
Initialize mono
Mono path[0] = 'C:/Program Files/Unity/Editor/Data/Managed'
Mono path[1] = 'C:/Program Files/Unity/Editor/Data/MonoBleedingEdge/lib/mono/unityjit'
Mono config path = 'C:/Program Files/Unity/Editor/Data/MonoBleedingEdge/etc'
Using monoOptions --debugger-agent=transport=dt_socket,embedding=1,server=y,suspend=n,address=127.0.0.1:56540
Begin MonoManager ReloadAssembly
Registering precompiled unity dll's ...
Register platform support module: C:/Program Files/Unity/Editor/Data/PlaybackEngines/WebGLSupport/UnityEditor.WebGL.Extensions.dll
Register platform support module: C:/Program Files/Unity/Editor/Data/PlaybackEngines/WindowsStandaloneSupport/UnityEditor.WindowsStandalone.Extensions.dll
Registered in 0.002157 seconds.
Native extension for WindowsStandalone target not found
Native extension for WebGL target not found
Refreshing native plugins compatible for Editor in 20.92 ms, found 0 plugins.
Preloading 0 native plugins for Editor in 0.00 ms.
Mono: successfully reloaded assembly
- Completed reload, in  1.160 seconds
Platform modules already initialized, skipping
Registering precompiled user dll's ...
Registered in 0.000628 seconds.
Begin MonoManager ReloadAssembly
Native extension for WindowsStandalone target not found
Native extension for WebGL target not found
Refreshing native plugins compatible for Editor in 0.19 ms, found 0 plugins.
Preloading 0 native plugins for Editor in 0.00 ms.
Mono: successfully reloaded assembly
- Completed reload, in  0.741 seconds
Platform modules already initialized, skipping
========================================================================
Worker process is ready to serve import requests
Launched and connected shader compiler UnityShaderCompiler.exe after 0.04 seconds
Refreshing native plugins compatible for Editor in 0.21 ms, found 0 plugins.
Preloading 0 native plugins for Editor in 0.00 ms.
Unloading 1116 Unused Serialized files (Serialized files now loaded: 0)
System memory in use before: 57.2 MB.
System memory in use after: 57.3 MB.

Unloading 10 unused Assets to reduce memory usage. Loaded Objects now: 1558.
Total: 1.649400 ms (FindLiveObjects: 0.108900 ms CreateObjectMapping: 0.028400 ms MarkObjects: 1.434800 ms  DeleteObjects: 0.076400 ms)

========================================================================
Received Import Request.
  path: Assets/App/Animations/New Animation.anim
  artifactKey: Guid(0b8687abc2ba70a4cbb1de351744e035) Importer(815301076,1909f56bfc062723c751e8b465ee728b)
Start importing Assets/App/Animations/New Animation.anim using Guid(0b8687abc2ba70a4cbb1de351744e035) Importer(815301076,1909f56bfc062723c751e8b465ee728b)  -> (artifact id: '7cb20e8785dfcb681fb2123d206d2c6c') in 0.037168 seconds
  Import took 0.039561 seconds .

========================================================================
Received Import Request.
  Time since last request: 1005.860224 seconds.
  path: Assets/App/Animations/Cube.controller
  artifactKey: Guid(350fe75f781c5a54a903826524251e9f) Importer(815301076,1909f56bfc062723c751e8b465ee728b)
Start importing Assets/App/Animations/Cube.controller using Guid(350fe75f781c5a54a903826524251e9f) Importer(815301076,1909f56bfc062723c751e8b465ee728b)  -> (artifact id: 'db3d2bccefc03eb2e4bbdd0725fad050') in 0.006228 seconds
  Import took 0.008617 seconds .

========================================================================
Received Import Request.
  Time since last request: 47.829176 seconds.
  path: Assets/App/Animations/LeftUp.anim
  artifactKey: Guid(0b8687abc2ba70a4cbb1de351744e035) Importer(815301076,1909f56bfc062723c751e8b465ee728b)
Start importing Assets/App/Animations/LeftUp.anim using Guid(0b8687abc2ba70a4cbb1de351744e035) Importer(815301076,1909f56bfc062723c751e8b465ee728b)  -> (artifact id: 'aa91e691525ea7687bf42928062beb66') in 0.005920 seconds
  Import took 0.007584 seconds .

========================================================================
Received Import Request.
  Time since last request: 29.216367 seconds.
  path: Assets/App/Animations/MiddleUp.anim
  artifactKey: Guid(0b8687abc2ba70a4cbb1de351744e035) Importer(815301076,1909f56bfc062723c751e8b465ee728b)
Start importing Assets/App/Animations/MiddleUp.anim using Guid(0b8687abc2ba70a4cbb1de351744e035) Importer(815301076,1909f56bfc062723c751e8b465ee728b)  -> (artifact id: 'dae4b95e01fd048473fddff8081077b1') in 0.005807 seconds
  Import took 0.007405 seconds .

========================================================================
Received Import Request.
  Time since last request: 14.171235 seconds.
  path: Assets/App/Animations/New Animation.anim
  artifactKey: Guid(4181e7e1d61dee34a85cd385c816831b) Importer(815301076,1909f56bfc062723c751e8b465ee728b)
Start importing Assets/App/Animations/New Animation.anim using Guid(4181e7e1d61dee34a85cd385c816831b) Importer(815301076,1909f56bfc062723c751e8b465ee728b)  -> (artifact id: '78e81198176d7ac4dcd25f8c20ff784a') in 0.003538 seconds
  Import took 0.005294 seconds .

========================================================================
Received Import Request.
  Time since last request: 174.034928 seconds.
  path: Assets/App/Animations/MiddleUp 1.anim
  artifactKey: Guid(1b0afad632039fc4984b595c3b8cd3f3) Importer(815301076,1909f56bfc062723c751e8b465ee728b)
Start importing Assets/App/Animations/MiddleUp 1.anim using Guid(1b0afad632039fc4984b595c3b8cd3f3) Importer(815301076,1909f56bfc062723c751e8b465ee728b)  -> (artifact id: 'bd4ebb97fce427632905cc5b4ee7330f') in 0.003933 seconds
  Import took 0.005784 seconds .

========================================================================
Received Import Request.
  Time since last request: 1.150637 seconds.
  path: Assets/App/Animations/MiddleUp 2.anim
  artifactKey: Guid(6d9bfc2bd1882ab4a83c4169a4e743fd) Importer(815301076,1909f56bfc062723c751e8b465ee728b)
Start importing Assets/App/Animations/MiddleUp 2.anim using Guid(6d9bfc2bd1882ab4a83c4169a4e743fd) Importer(815301076,1909f56bfc062723c751e8b465ee728b)  -> (artifact id: '1db0fe537ca0b47a579d5b955963aef9') in 0.003934 seconds
  Import took 0.006157 seconds .

========================================================================
Received Import Request.
  Time since last request: 2.561419 seconds.
  path: Assets/App/Animations/MiddleUp 1.anim
  artifactKey: Guid(1b0afad632039fc4984b595c3b8cd3f3) Importer(815301076,1909f56bfc062723c751e8b465ee728b)
Start importing Assets/App/Animations/MiddleUp 1.anim using Guid(1b0afad632039fc4984b595c3b8cd3f3) Importer(815301076,1909f56bfc062723c751e8b465ee728b)  -> (artifact id: 'ac8775084c73e85e31bd62a9da790831') in 0.001995 seconds
  Import took 0.003680 seconds .

========================================================================
Received Import Request.
  Time since last request: 152.229926 seconds.
  path: Assets/App/Animations/LeftUp.anim
  artifactKey: Guid(0b8687abc2ba70a4cbb1de351744e035) Importer(815301076,1909f56bfc062723c751e8b465ee728b)
Start importing Assets/App/Animations/LeftUp.anim using Guid(0b8687abc2ba70a4cbb1de351744e035) Importer(815301076,1909f56bfc062723c751e8b465ee728b)  -> (artifact id: 'dabe6a818296e4dd3b58be52c51d79a4') in 0.003833 seconds
  Import took 0.005625 seconds .

========================================================================
Received Import Request.
  Time since last request: 11.718659 seconds.
  path: Assets/App/Animations/MiddleUp.anim
  artifactKey: Guid(1b0afad632039fc4984b595c3b8cd3f3) Importer(815301076,1909f56bfc062723c751e8b465ee728b)
Start importing Assets/App/Animations/MiddleUp.anim using Guid(1b0afad632039fc4984b595c3b8cd3f3) Importer(815301076,1909f56bfc062723c751e8b465ee728b)  -> (artifact id: '5602601ef40691f22695abb464200fbf') in 0.005495 seconds
  Import took 0.007175 seconds .

========================================================================
Received Import Request.
  Time since last request: 9.621228 seconds.
  path: Assets/App/Animations/RightUp.anim
  artifactKey: Guid(6d9bfc2bd1882ab4a83c4169a4e743fd) Importer(815301076,1909f56bfc062723c751e8b465ee728b)
Start importing Assets/App/Animations/RightUp.anim using Guid(6d9bfc2bd1882ab4a83c4169a4e743fd) Importer(815301076,1909f56bfc062723c751e8b465ee728b)  -> (artifact id: '69162ed18b0a9acd33f6d2735fc8a852') in 0.003817 seconds
  Import took 0.005626 seconds .

========================================================================
Received Import Request.
  Time since last request: 1626.335917 seconds.
  path: Assets/App/Scripts/Tile Controller.cs
  artifactKey: Guid(705bfca59e57e5e42b21cb04493c6286) Importer(815301076,1909f56bfc062723c751e8b465ee728b)
Start importing Assets/App/Scripts/Tile Controller.cs using Guid(705bfca59e57e5e42b21cb04493c6286) Importer(815301076,1909f56bfc062723c751e8b465ee728b)  -> (artifact id: 'c00f078e4812fc2f51fcda0d09fa0375') in 0.019445 seconds
  Import took 0.021594 seconds .

========================================================================
Received Prepare
Registering precompiled user dll's ...
Registered in 0.000563 seconds.
Begin MonoManager ReloadAssembly
Native extension for WindowsStandalone target not found
Native extension for WebGL target not found
Refreshing native plugins compatible for Editor in 0.19 ms, found 0 plugins.
Preloading 0 native plugins for Editor in 0.00 ms.
Mono: successfully reloaded assembly
- Completed reload, in  0.694 seconds
Platform modules already initialized, skipping
Refreshing native plugins compatible for Editor in 0.20 ms, found 0 plugins.
Preloading 0 native plugins for Editor in 0.00 ms.
Unloading 1112 Unused Serialized files (Serialized files now loaded: 0)
System memory in use before: 57.2 MB.
System memory in use after: 57.3 MB.

Unloading 5 unused Assets to reduce memory usage. Loaded Objects now: 1562.
Total: 1.471100 ms (FindLiveObjects: 0.119600 ms CreateObjectMapping: 0.031600 ms MarkObjects: 1.271900 ms  DeleteObjects: 0.047200 ms)

========================================================================
Received Import Request.
  Time since last request: 42.649743 seconds.
  path: Assets/App/Scripts/GamePlayManager.cs
  artifactKey: Guid(1124363768eca37418f8d0cb2bdffceb) Importer(815301076,1909f56bfc062723c751e8b465ee728b)
Start importing Assets/App/Scripts/GamePlayManager.cs using Guid(1124363768eca37418f8d0cb2bdffceb) Importer(815301076,1909f56bfc062723c751e8b465ee728b)  -> (artifact id: '025a66c35b2ea2389d7f6284dd71c208') in 0.004678 seconds
  Import took 0.007528 seconds .

========================================================================
Received Prepare
Registering precompiled user dll's ...
Registered in 0.000644 seconds.
Begin MonoManager ReloadAssembly
Native extension for WindowsStandalone target not found
Native extension for WebGL target not found
Refreshing native plugins compatible for Editor in 0.21 ms, found 0 plugins.
Preloading 0 native plugins for Editor in 0.00 ms.
Mono: successfully reloaded assembly
- Completed reload, in  0.738 seconds
Platform modules already initialized, skipping
Refreshing native plugins compatible for Editor in 0.21 ms, found 0 plugins.
Preloading 0 native plugins for Editor in 0.00 ms.
Unloading 1113 Unused Serialized files (Serialized files now loaded: 0)
System memory in use before: 57.2 MB.
System memory in use after: 57.3 MB.

Unloading 5 unused Assets to reduce memory usage. Loaded Objects now: 1566.
Total: 1.598600 ms (FindLiveObjects: 0.112400 ms CreateObjectMapping: 0.030800 ms MarkObjects: 1.408400 ms  DeleteObjects: 0.046100 ms)

AssetImportWorkerClient::OnTransportError - code=2 error=End of file
